<?xml version="1.0" encoding="UTF-8"?>
<!-- Generated by org.testng.reporters.JUnitReportReporter -->
<testsuite name="testerDemo.demoClass" tests="1" time="0.009" ignored="0" failures="0" timestamp="15 Jan 2017 13:03:02 GMT" skipped="0" hostname="GGN000144800011" errors="0">
  <testcase name="test_Login" time="0.009" classname="testerDemo.demoClass"/>
</testsuite> <!-- testerDemo.demoClass -->
